<?xml version="1.0" encoding="utf-16"?>
<ShowPlanXML xmlns:xsi="http://www.w3.org/2001/XMLSchema-instance" xmlns:xsd="http://www.w3.org/2001/XMLSchema" Version="1.0" Build="9.00.4035.00" xmlns="http://schemas.microsoft.com/sqlserver/2004/07/showplan">
  <BatchSequence>
    <Batch>
      <Statements>
        <StmtSimple StatementCompId="2" StatementEstRows="251" StatementId="1" StatementOptmLevel="FULL" StatementSubTreeCost="1.98044" StatementText="select  DISTINCT  top 251 &#xD;&#xA;	activitypointer0.Subject as 'subject', &#xD;&#xA;	activitypointer0.ActivityId as 'activityid', &#xD;&#xA;	activitypointer0.ScheduledStart as 'scheduledstart', &#xD;&#xA;	activitypointer0.RegardingObjectId as 'regardingobjectid', &#xD;&#xA;	activitypointer0.PriorityCode as 'prioritycode', &#xD;&#xA;	activitypointer0.ScheduledEnd as 'scheduledend', &#xD;&#xA;	activitypointer0.ActivityTypeCode as 'activitytypecode', &#xD;&#xA;	activitypointer0.RegardingObjectIdDsc as 'regardingobjectiddsc', &#xD;&#xA;	activitypointer0.RegardingObjectTypeCode as 'regardingobjecttypecode', &#xD;&#xA;	activitypointer0.RegardingObjectIdYomiName as 'regardingobjectidyominame', &#xD;&#xA;	activitypointer0.RegardingObjectIdName as 'regardingobjectidname' &#xD;&#xA;from ActivityPointer as activitypointer0 &#xD;&#xA;	join ActivityParty as aa on (activitypointer0.ActivityId  =  aa.ActivityId and (aa.PartyId = @PartyId0)) &#xD;&#xA;where ((activitypointer0.StateCode in (@StateCode0, @StateCode1)) &#xD;&#xA;	and (activitypointer0.ActivityTypeCode != @ActivityTypeCode0 &#xD;&#xA;	or activitypointer0.ActivityTypeCode is null) &#xD;&#xA;	and (activitypointer0.DeletionStateCode in (@DeletionStateCode0))) &#xD;&#xA;order by &#xD;&#xA;activitypointer0.ScheduledEnd asc" StatementType="SELECT">
          <StatementSetOptions ANSI_NULLS="false" ANSI_PADDING="false" ANSI_WARNINGS="false" ARITHABORT="true" CONCAT_NULL_YIELDS_NULL="false" NUMERIC_ROUNDABORT="false" QUOTED_IDENTIFIER="false" />
          <QueryPlan DegreeOfParallelism="1" CachedPlanSize="58" CompileTime="231" CompileCPU="207" CompileMemory="1152">
            <RelOp AvgRowSize="1080" EstimateCPU="2.51E-05" EstimateIO="0" EstimateRebinds="0" EstimateRewinds="0" EstimateRows="251" LogicalOp="Top" NodeId="0" Parallel="false" PhysicalOp="Top" EstimatedTotalSubtreeCost="1.98044">
              <OutputList>
                <ColumnReference Database="[ASDSS_MSCRM]" Schema="[dbo]" Table="[ActivityPointerBase]" Column="ActivityId" />
                <ColumnReference Database="[ASDSS_MSCRM]" Schema="[dbo]" Table="[ActivityPointerBase]" Column="ActivityTypeCode" />
                <ColumnReference Database="[ASDSS_MSCRM]" Schema="[dbo]" Table="[ActivityPointerBase]" Column="ScheduledEnd" />
                <ColumnReference Database="[ASDSS_MSCRM]" Schema="[dbo]" Table="[ActivityPointerBase]" Column="PriorityCode" />
                <ColumnReference Database="[ASDSS_MSCRM]" Schema="[dbo]" Table="[ActivityPointerBase]" Column="RegardingObjectId" />
                <ColumnReference Database="[ASDSS_MSCRM]" Schema="[dbo]" Table="[ActivityPointerBase]" Column="Subject" />
                <ColumnReference Database="[ASDSS_MSCRM]" Schema="[dbo]" Table="[ActivityPointerBase]" Column="ScheduledStart" />
                <ColumnReference Database="[ASDSS_MSCRM]" Schema="[dbo]" Table="[ActivityPointerBase]" Column="RegardingObjectTypeCode" />
                <ColumnReference Database="[ASDSS_MSCRM]" Schema="[dbo]" Table="[ActivityPointerBase]" Column="RegardingObjectIdDsc" />
                <ColumnReference Database="[ASDSS_MSCRM]" Schema="[dbo]" Table="[ActivityPointerBase]" Column="RegardingObjectIdName" />
                <ColumnReference Database="[ASDSS_MSCRM]" Schema="[dbo]" Table="[ActivityPointerBase]" Column="RegardingObjectIdYomiName" />
              </OutputList>
              <RunTimeInformation>
                <RunTimeCountersPerThread Thread="0" ActualRows="251" ActualEndOfScans="1" ActualExecutions="1" />
              </RunTimeInformation>
              <Top RowCount="false" IsPercent="false" WithTies="false">
                <TopExpression>
                  <ScalarOperator ScalarString="(251)">
                    <Const ConstValue="(251)" />
                  </ScalarOperator>
                </TopExpression>
                <RelOp AvgRowSize="1080" EstimateCPU="0.115402" EstimateIO="0" EstimateRebinds="0" EstimateRewinds="0" EstimateRows="251" LogicalOp="Left Semi Join" NodeId="2" Parallel="false" PhysicalOp="Nested Loops" EstimatedTotalSubtreeCost="1.98039">
                  <OutputList>
                    <ColumnReference Database="[ASDSS_MSCRM]" Schema="[dbo]" Table="[ActivityPointerBase]" Column="ActivityId" />
                    <ColumnReference Database="[ASDSS_MSCRM]" Schema="[dbo]" Table="[ActivityPointerBase]" Column="ActivityTypeCode" />
                    <ColumnReference Database="[ASDSS_MSCRM]" Schema="[dbo]" Table="[ActivityPointerBase]" Column="ScheduledEnd" />
                    <ColumnReference Database="[ASDSS_MSCRM]" Schema="[dbo]" Table="[ActivityPointerBase]" Column="PriorityCode" />
                    <ColumnReference Database="[ASDSS_MSCRM]" Schema="[dbo]" Table="[ActivityPointerBase]" Column="RegardingObjectId" />
                    <ColumnReference Database="[ASDSS_MSCRM]" Schema="[dbo]" Table="[ActivityPointerBase]" Column="Subject" />
                    <ColumnReference Database="[ASDSS_MSCRM]" Schema="[dbo]" Table="[ActivityPointerBase]" Column="ScheduledStart" />
                    <ColumnReference Database="[ASDSS_MSCRM]" Schema="[dbo]" Table="[ActivityPointerBase]" Column="RegardingObjectTypeCode" />
                    <ColumnReference Database="[ASDSS_MSCRM]" Schema="[dbo]" Table="[ActivityPointerBase]" Column="RegardingObjectIdDsc" />
                    <ColumnReference Database="[ASDSS_MSCRM]" Schema="[dbo]" Table="[ActivityPointerBase]" Column="RegardingObjectIdName" />
                    <ColumnReference Database="[ASDSS_MSCRM]" Schema="[dbo]" Table="[ActivityPointerBase]" Column="RegardingObjectIdYomiName" />
                  </OutputList>
                  <RunTimeInformation>
                    <RunTimeCountersPerThread Thread="0" ActualRows="251" ActualEndOfScans="0" ActualExecutions="1" />
                  </RunTimeInformation>
                  <NestedLoops Optimized="false" WithOrderedPrefetch="true">
                    <OuterReferences>
                      <ColumnReference Database="[ASDSS_MSCRM]" Schema="[dbo]" Table="[ActivityPointerBase]" Column="ActivityId" />
                      <ColumnReference Column="Expr1036" />
                    </OuterReferences>
                    <RelOp AvgRowSize="1080" EstimateCPU="0.0132519" EstimateIO="0" EstimateRebinds="0" EstimateRewinds="0" EstimateRows="396.982" LogicalOp="Filter" NodeId="4" Parallel="false" PhysicalOp="Filter" EstimatedTotalSubtreeCost="1.31789">
                      <OutputList>
                        <ColumnReference Database="[ASDSS_MSCRM]" Schema="[dbo]" Table="[ActivityPointerBase]" Column="ActivityId" />
                        <ColumnReference Database="[ASDSS_MSCRM]" Schema="[dbo]" Table="[ActivityPointerBase]" Column="ActivityTypeCode" />
                        <ColumnReference Database="[ASDSS_MSCRM]" Schema="[dbo]" Table="[ActivityPointerBase]" Column="ScheduledEnd" />
                        <ColumnReference Database="[ASDSS_MSCRM]" Schema="[dbo]" Table="[ActivityPointerBase]" Column="PriorityCode" />
                        <ColumnReference Database="[ASDSS_MSCRM]" Schema="[dbo]" Table="[ActivityPointerBase]" Column="RegardingObjectId" />
                        <ColumnReference Database="[ASDSS_MSCRM]" Schema="[dbo]" Table="[ActivityPointerBase]" Column="Subject" />
                        <ColumnReference Database="[ASDSS_MSCRM]" Schema="[dbo]" Table="[ActivityPointerBase]" Column="ScheduledStart" />
                        <ColumnReference Database="[ASDSS_MSCRM]" Schema="[dbo]" Table="[ActivityPointerBase]" Column="RegardingObjectTypeCode" />
                        <ColumnReference Database="[ASDSS_MSCRM]" Schema="[dbo]" Table="[ActivityPointerBase]" Column="RegardingObjectIdDsc" />
                        <ColumnReference Database="[ASDSS_MSCRM]" Schema="[dbo]" Table="[ActivityPointerBase]" Column="RegardingObjectIdName" />
                        <ColumnReference Database="[ASDSS_MSCRM]" Schema="[dbo]" Table="[ActivityPointerBase]" Column="RegardingObjectIdYomiName" />
                      </OutputList>
                      <RunTimeInformation>
                        <RunTimeCountersPerThread Thread="0" ActualRows="704" ActualEndOfScans="0" ActualExecutions="1" />
                      </RunTimeInformation>
                      <Filter StartupExpression="false">
                        <RelOp AvgRowSize="1084" EstimateCPU="0.115402" EstimateIO="0" EstimateRebinds="0" EstimateRewinds="0" EstimateRows="396.982" LogicalOp="Inner Join" NodeId="5" Parallel="false" PhysicalOp="Nested Loops" EstimatedTotalSubtreeCost="1.3177">
                          <OutputList>
                            <ColumnReference Database="[ASDSS_MSCRM]" Schema="[dbo]" Table="[ActivityPointerBase]" Column="ActivityId" />
                            <ColumnReference Database="[ASDSS_MSCRM]" Schema="[dbo]" Table="[ActivityPointerBase]" Column="DeletionStateCode" />
                            <ColumnReference Database="[ASDSS_MSCRM]" Schema="[dbo]" Table="[ActivityPointerBase]" Column="ActivityTypeCode" />
                            <ColumnReference Database="[ASDSS_MSCRM]" Schema="[dbo]" Table="[ActivityPointerBase]" Column="ScheduledEnd" />
                            <ColumnReference Database="[ASDSS_MSCRM]" Schema="[dbo]" Table="[ActivityPointerBase]" Column="PriorityCode" />
                            <ColumnReference Database="[ASDSS_MSCRM]" Schema="[dbo]" Table="[ActivityPointerBase]" Column="RegardingObjectId" />
                            <ColumnReference Database="[ASDSS_MSCRM]" Schema="[dbo]" Table="[ActivityPointerBase]" Column="Subject" />
                            <ColumnReference Database="[ASDSS_MSCRM]" Schema="[dbo]" Table="[ActivityPointerBase]" Column="ScheduledStart" />
                            <ColumnReference Database="[ASDSS_MSCRM]" Schema="[dbo]" Table="[ActivityPointerBase]" Column="RegardingObjectTypeCode" />
                            <ColumnReference Database="[ASDSS_MSCRM]" Schema="[dbo]" Table="[ActivityPointerBase]" Column="RegardingObjectIdDsc" />
                            <ColumnReference Database="[ASDSS_MSCRM]" Schema="[dbo]" Table="[ActivityPointerBase]" Column="RegardingObjectIdName" />
                            <ColumnReference Database="[ASDSS_MSCRM]" Schema="[dbo]" Table="[ActivityPointerBase]" Column="RegardingObjectIdYomiName" />
                          </OutputList>
                          <RunTimeInformation>
                            <RunTimeCountersPerThread Thread="0" ActualRows="704" ActualEndOfScans="0" ActualExecutions="1" />
                          </RunTimeInformation>
                          <NestedLoops Optimized="false" WithOrderedPrefetch="true">
                            <OuterReferences>
                              <ColumnReference Database="[ASDSS_MSCRM]" Schema="[dbo]" Table="[ActivityPointerBase]" Column="ActivityId" />
                              <ColumnReference Database="[ASDSS_MSCRM]" Schema="[dbo]" Table="[ActivityPointerBase]" Column="ActivityTypeCode" />
                              <ColumnReference Database="[ASDSS_MSCRM]" Schema="[dbo]" Table="[ActivityPointerBase]" Column="StateCode" />
                              <ColumnReference Column="Expr1035" />
                            </OuterReferences>
                            <RelOp AvgRowSize="39" EstimateCPU="0.136084" EstimateIO="0.787569" EstimateRebinds="0" EstimateRewinds="0" EstimateRows="396.982" LogicalOp="Index Scan" NodeId="7" Parallel="false" PhysicalOp="Index Scan" EstimatedTotalSubtreeCost="0.0165099">
                              <OutputList>
                                <ColumnReference Database="[ASDSS_MSCRM]" Schema="[dbo]" Table="[ActivityPointerBase]" Column="ActivityId" />
                                <ColumnReference Database="[ASDSS_MSCRM]" Schema="[dbo]" Table="[ActivityPointerBase]" Column="ActivityTypeCode" />
                                <ColumnReference Database="[ASDSS_MSCRM]" Schema="[dbo]" Table="[ActivityPointerBase]" Column="StateCode" />
                                <ColumnReference Database="[ASDSS_MSCRM]" Schema="[dbo]" Table="[ActivityPointerBase]" Column="ScheduledEnd" />
                              </OutputList>
                              <RunTimeInformation>
                                <RunTimeCountersPerThread Thread="0" ActualRows="704" ActualEndOfScans="0" ActualExecutions="1" />
                              </RunTimeInformation>
                              <IndexScan Ordered="true" ScanDirection="FORWARD" ForcedIndex="false" NoExpandHint="false">
                                <DefinedValues>
                                  <DefinedValue>
                                    <ColumnReference Database="[ASDSS_MSCRM]" Schema="[dbo]" Table="[ActivityPointerBase]" Column="ActivityId" />
                                  </DefinedValue>
                                  <DefinedValue>
                                    <ColumnReference Database="[ASDSS_MSCRM]" Schema="[dbo]" Table="[ActivityPointerBase]" Column="ActivityTypeCode" />
                                  </DefinedValue>
                                  <DefinedValue>
                                    <ColumnReference Database="[ASDSS_MSCRM]" Schema="[dbo]" Table="[ActivityPointerBase]" Column="StateCode" />
                                  </DefinedValue>
                                  <DefinedValue>
                                    <ColumnReference Database="[ASDSS_MSCRM]" Schema="[dbo]" Table="[ActivityPointerBase]" Column="ScheduledEnd" />
                                  </DefinedValue>
                                </DefinedValues>
                                <Object Database="[ASDSS_MSCRM]" Schema="[dbo]" Table="[ActivityPointerBase]" Index="[ndx_ActivityPointerScheduledEndActivityId]" />
                                <Predicate>
                                  <ScalarOperator ScalarString="([ASDSS_MSCRM].[dbo].[ActivityPointerBase].[StateCode]=[@StateCode1] OR [ASDSS_MSCRM].[dbo].[ActivityPointerBase].[StateCode]=[@StateCode0]) AND ([ASDSS_MSCRM].[dbo].[ActivityPointerBase].[ActivityTypeCode]&lt;[@ActivityTypeCode0] OR [ASDSS_MSCRM].[dbo].[ActivityPointerBase].[ActivityTypeCode]&gt;[@ActivityTypeCode0])">
                                    <Logical Operation="AND">
                                      <ScalarOperator>
                                        <Logical Operation="OR">
                                          <ScalarOperator>
                                            <Compare CompareOp="EQ">
                                              <ScalarOperator>
                                                <Identifier>
                                                  <ColumnReference Database="[ASDSS_MSCRM]" Schema="[dbo]" Table="[ActivityPointerBase]" Column="StateCode" />
                                                </Identifier>
                                              </ScalarOperator>
                                              <ScalarOperator>
                                                <Identifier>
                                                  <ColumnReference Column="@StateCode1" />
                                                </Identifier>
                                              </ScalarOperator>
                                            </Compare>
                                          </ScalarOperator>
                                          <ScalarOperator>
                                            <Compare CompareOp="EQ">
                                              <ScalarOperator>
                                                <Identifier>
                                                  <ColumnReference Database="[ASDSS_MSCRM]" Schema="[dbo]" Table="[ActivityPointerBase]" Column="StateCode" />
                                                </Identifier>
                                              </ScalarOperator>
                                              <ScalarOperator>
                                                <Identifier>
                                                  <ColumnReference Column="@StateCode0" />
                                                </Identifier>
                                              </ScalarOperator>
                                            </Compare>
                                          </ScalarOperator>
                                        </Logical>
                                      </ScalarOperator>
                                      <ScalarOperator>
                                        <Logical Operation="OR">
                                          <ScalarOperator>
                                            <Compare CompareOp="LT">
                                              <ScalarOperator>
                                                <Identifier>
                                                  <ColumnReference Database="[ASDSS_MSCRM]" Schema="[dbo]" Table="[ActivityPointerBase]" Column="ActivityTypeCode" />
                                                </Identifier>
                                              </ScalarOperator>
                                              <ScalarOperator>
                                                <Identifier>
                                                  <ColumnReference Column="@ActivityTypeCode0" />
                                                </Identifier>
                                              </ScalarOperator>
                                            </Compare>
                                          </ScalarOperator>
                                          <ScalarOperator>
                                            <Compare CompareOp="GT">
                                              <ScalarOperator>
                                                <Identifier>
                                                  <ColumnReference Database="[ASDSS_MSCRM]" Schema="[dbo]" Table="[ActivityPointerBase]" Column="ActivityTypeCode" />
                                                </Identifier>
                                              </ScalarOperator>
                                              <ScalarOperator>
                                                <Identifier>
                                                  <ColumnReference Column="@ActivityTypeCode0" />
                                                </Identifier>
                                              </ScalarOperator>
                                            </Compare>
                                          </ScalarOperator>
                                        </Logical>
                                      </ScalarOperator>
                                    </Logical>
                                  </ScalarOperator>
                                </Predicate>
                              </IndexScan>
                            </RelOp>
                            <RelOp AvgRowSize="1056" EstimateCPU="0.0001581" EstimateIO="0.003125" EstimateRebinds="396.98" EstimateRewinds="0" EstimateRows="1" LogicalOp="Clustered Index Seek" NodeId="9" Parallel="false" PhysicalOp="Clustered Index Seek" EstimatedTotalSubtreeCost="1.29658">
                              <OutputList>
                                <ColumnReference Database="[ASDSS_MSCRM]" Schema="[dbo]" Table="[ActivityPointerBase]" Column="DeletionStateCode" />
                                <ColumnReference Database="[ASDSS_MSCRM]" Schema="[dbo]" Table="[ActivityPointerBase]" Column="PriorityCode" />
                                <ColumnReference Database="[ASDSS_MSCRM]" Schema="[dbo]" Table="[ActivityPointerBase]" Column="RegardingObjectId" />
                                <ColumnReference Database="[ASDSS_MSCRM]" Schema="[dbo]" Table="[ActivityPointerBase]" Column="Subject" />
                                <ColumnReference Database="[ASDSS_MSCRM]" Schema="[dbo]" Table="[ActivityPointerBase]" Column="ScheduledStart" />
                                <ColumnReference Database="[ASDSS_MSCRM]" Schema="[dbo]" Table="[ActivityPointerBase]" Column="RegardingObjectTypeCode" />
                                <ColumnReference Database="[ASDSS_MSCRM]" Schema="[dbo]" Table="[ActivityPointerBase]" Column="RegardingObjectIdDsc" />
                                <ColumnReference Database="[ASDSS_MSCRM]" Schema="[dbo]" Table="[ActivityPointerBase]" Column="RegardingObjectIdName" />
                                <ColumnReference Database="[ASDSS_MSCRM]" Schema="[dbo]" Table="[ActivityPointerBase]" Column="RegardingObjectIdYomiName" />
                              </OutputList>
                              <RunTimeInformation>
                                <RunTimeCountersPerThread Thread="0" ActualRows="704" ActualEndOfScans="0" ActualExecutions="704" />
                              </RunTimeInformation>
                              <IndexScan Lookup="true" Ordered="true" ScanDirection="FORWARD" ForcedIndex="false" NoExpandHint="false">
                                <DefinedValues>
                                  <DefinedValue>
                                    <ColumnReference Database="[ASDSS_MSCRM]" Schema="[dbo]" Table="[ActivityPointerBase]" Column="DeletionStateCode" />
                                  </DefinedValue>
                                  <DefinedValue>
                                    <ColumnReference Database="[ASDSS_MSCRM]" Schema="[dbo]" Table="[ActivityPointerBase]" Column="PriorityCode" />
                                  </DefinedValue>
                                  <DefinedValue>
                                    <ColumnReference Database="[ASDSS_MSCRM]" Schema="[dbo]" Table="[ActivityPointerBase]" Column="RegardingObjectId" />
                                  </DefinedValue>
                                  <DefinedValue>
                                    <ColumnReference Database="[ASDSS_MSCRM]" Schema="[dbo]" Table="[ActivityPointerBase]" Column="Subject" />
                                  </DefinedValue>
                                  <DefinedValue>
                                    <ColumnReference Database="[ASDSS_MSCRM]" Schema="[dbo]" Table="[ActivityPointerBase]" Column="ScheduledStart" />
                                  </DefinedValue>
                                  <DefinedValue>
                                    <ColumnReference Database="[ASDSS_MSCRM]" Schema="[dbo]" Table="[ActivityPointerBase]" Column="RegardingObjectTypeCode" />
                                  </DefinedValue>
                                  <DefinedValue>
                                    <ColumnReference Database="[ASDSS_MSCRM]" Schema="[dbo]" Table="[ActivityPointerBase]" Column="RegardingObjectIdDsc" />
                                  </DefinedValue>
                                  <DefinedValue>
                                    <ColumnReference Database="[ASDSS_MSCRM]" Schema="[dbo]" Table="[ActivityPointerBase]" Column="RegardingObjectIdName" />
                                  </DefinedValue>
                                  <DefinedValue>
                                    <ColumnReference Database="[ASDSS_MSCRM]" Schema="[dbo]" Table="[ActivityPointerBase]" Column="RegardingObjectIdYomiName" />
                                  </DefinedValue>
                                </DefinedValues>
                                <Object Database="[ASDSS_MSCRM]" Schema="[dbo]" Table="[ActivityPointerBase]" Index="[cndx_ActivityPointer]" TableReferenceId="-1" />
                                <SeekPredicates>
                                  <SeekPredicate>
                                    <Prefix ScanType="EQ">
                                      <RangeColumns>
                                        <ColumnReference Database="[ASDSS_MSCRM]" Schema="[dbo]" Table="[ActivityPointerBase]" Column="ActivityId" />
                                        <ColumnReference Database="[ASDSS_MSCRM]" Schema="[dbo]" Table="[ActivityPointerBase]" Column="StateCode" />
                                        <ColumnReference Database="[ASDSS_MSCRM]" Schema="[dbo]" Table="[ActivityPointerBase]" Column="ActivityTypeCode" />
                                      </RangeColumns>
                                      <RangeExpressions>
                                        <ScalarOperator ScalarString="[ASDSS_MSCRM].[dbo].[ActivityPointerBase].[ActivityId]">
                                          <Identifier>
                                            <ColumnReference Database="[ASDSS_MSCRM]" Schema="[dbo]" Table="[ActivityPointerBase]" Column="ActivityId" />
                                          </Identifier>
                                        </ScalarOperator>
                                        <ScalarOperator ScalarString="[ASDSS_MSCRM].[dbo].[ActivityPointerBase].[StateCode]">
                                          <Identifier>
                                            <ColumnReference Database="[ASDSS_MSCRM]" Schema="[dbo]" Table="[ActivityPointerBase]" Column="StateCode" />
                                          </Identifier>
                                        </ScalarOperator>
                                        <ScalarOperator ScalarString="[ASDSS_MSCRM].[dbo].[ActivityPointerBase].[ActivityTypeCode]">
                                          <Identifier>
                                            <ColumnReference Database="[ASDSS_MSCRM]" Schema="[dbo]" Table="[ActivityPointerBase]" Column="ActivityTypeCode" />
                                          </Identifier>
                                        </ScalarOperator>
                                      </RangeExpressions>
                                    </Prefix>
                                  </SeekPredicate>
                                </SeekPredicates>
                              </IndexScan>
                            </RelOp>
                          </NestedLoops>
                        </RelOp>
                        <Predicate>
                          <ScalarOperator ScalarString="[ASDSS_MSCRM].[dbo].[ActivityPointerBase].[DeletionStateCode]=[@DeletionStateCode0]">
                            <Compare CompareOp="EQ">
                              <ScalarOperator>
                                <Identifier>
                                  <ColumnReference Database="[ASDSS_MSCRM]" Schema="[dbo]" Table="[ActivityPointerBase]" Column="DeletionStateCode" />
                                </Identifier>
                              </ScalarOperator>
                              <ScalarOperator>
                                <Identifier>
                                  <ColumnReference Column="@DeletionStateCode0" />
                                </Identifier>
                              </ScalarOperator>
                            </Compare>
                          </ScalarOperator>
                        </Predicate>
                      </Filter>
                    </RelOp>
                    <RelOp AvgRowSize="9" EstimateCPU="0.000159087" EstimateIO="0.003125" EstimateRebinds="502" EstimateRewinds="0.00135607" EstimateRows="1" LogicalOp="Index Seek" NodeId="30" Parallel="false" PhysicalOp="Index Seek" EstimatedTotalSubtreeCost="0.834821">
                      <OutputList />
                      <RunTimeInformation>
                        <RunTimeCountersPerThread Thread="0" ActualRows="251" ActualEndOfScans="453" ActualExecutions="704" />
                      </RunTimeInformation>
                      <IndexScan Ordered="true" ScanDirection="FORWARD" ForcedIndex="false" NoExpandHint="false">
                        <DefinedValues />
                        <Object Database="[ASDSS_MSCRM]" Schema="[dbo]" Table="[ActivityPartyBase]" Index="[ndx_ActivityParty]" />
                        <SeekPredicates>
                          <SeekPredicate>
                            <Prefix ScanType="EQ">
                              <RangeColumns>
                                <ColumnReference Database="[ASDSS_MSCRM]" Schema="[dbo]" Table="[ActivityPartyBase]" Column="PartyId" />
                                <ColumnReference Database="[ASDSS_MSCRM]" Schema="[dbo]" Table="[ActivityPartyBase]" Column="ActivityId" />
                              </RangeColumns>
                              <RangeExpressions>
                                <ScalarOperator ScalarString="[@PartyId0]">
                                  <Identifier>
                                    <ColumnReference Column="@PartyId0" />
                                  </Identifier>
                                </ScalarOperator>
                                <ScalarOperator ScalarString="[ASDSS_MSCRM].[dbo].[ActivityPointerBase].[ActivityId]">
                                  <Identifier>
                                    <ColumnReference Database="[ASDSS_MSCRM]" Schema="[dbo]" Table="[ActivityPointerBase]" Column="ActivityId" />
                                  </Identifier>
                                </ScalarOperator>
                              </RangeExpressions>
                            </Prefix>
                          </SeekPredicate>
                        </SeekPredicates>
                      </IndexScan>
                    </RelOp>
                  </NestedLoops>
                </RelOp>
              </Top>
            </RelOp>
            <ParameterList>
              <ColumnReference Column="@DeletionStateCode0" ParameterCompiledValue="(0)" ParameterRuntimeValue="(0)" />
              <ColumnReference Column="@ActivityTypeCode0" ParameterCompiledValue="(4406)" ParameterRuntimeValue="(4406)" />
              <ColumnReference Column="@StateCode0" ParameterCompiledValue="(0)" ParameterRuntimeValue="(0)" />
              <ColumnReference Column="@StateCode1" ParameterCompiledValue="(3)" ParameterRuntimeValue="(3)" />
              <ColumnReference Column="@PartyId0" ParameterCompiledValue="{guid'BA879346-B258-DD11-B663-000C29CDCB00'}" ParameterRuntimeValue="{guid'BA879346-B258-DD11-B663-000C29CDCB00'}" />
            </ParameterList>
          </QueryPlan>
        </StmtSimple>
      </Statements>
    </Batch>
  </BatchSequence>
</ShowPlanXML>